0 info it worked if it ends with ok
1 verbose cli [ '/usr/local/bin/node', '/usr/local/bin/npm', 'install' ]
2 info using npm@2.11.3
3 info using node@v0.12.7
4 verbose readDependencies loading dependencies from /home/andres/MOOC/quiz/quiz/package.json
5 verbose install where, deps [ '/home/andres/MOOC/quiz/quiz',
5 verbose install   [ 'body-parser',
5 verbose install     'cookie-parser',
5 verbose install     'debug',
5 verbose install     'ejs',
5 verbose install     'express',
5 verbose install     'express-partials',
5 verbose install     'morgan',
5 verbose install     'pg',
5 verbose install     'pg-hstore',
5 verbose install     'sequelize',
5 verbose install     'serve-favicon',
5 verbose install     'sqlite3' ] ]
6 verbose install where, peers [ '/home/andres/MOOC/quiz/quiz', [] ]
7 verbose installManyTop reading for lifecycle /home/andres/MOOC/quiz/quiz/package.json
8 info preinstall quiz@0.0.0
9 verbose installManyTop reading scoped package data from /home/andres/MOOC/quiz/quiz/node_modules/body-parser/package.json
10 verbose installManyTop reading scoped package data from /home/andres/MOOC/quiz/quiz/node_modules/cookie-parser/package.json
11 verbose installManyTop reading scoped package data from /home/andres/MOOC/quiz/quiz/node_modules/debug/package.json
12 verbose installManyTop reading scoped package data from /home/andres/MOOC/quiz/quiz/node_modules/ejs/package.json
13 verbose installManyTop reading scoped package data from /home/andres/MOOC/quiz/quiz/node_modules/express/package.json
14 verbose installManyTop reading scoped package data from /home/andres/MOOC/quiz/quiz/node_modules/express-partials/package.json
15 verbose installManyTop reading scoped package data from /home/andres/MOOC/quiz/quiz/node_modules/morgan/package.json
16 verbose installManyTop reading scoped package data from /home/andres/MOOC/quiz/quiz/node_modules/pg/package.json
17 verbose installManyTop reading scoped package data from /home/andres/MOOC/quiz/quiz/node_modules/sequelize/package.json
18 verbose installManyTop reading scoped package data from /home/andres/MOOC/quiz/quiz/node_modules/serve-favicon/package.json
19 verbose installManyTop reading scoped package data from /home/andres/MOOC/quiz/quiz/node_modules/sqlite3/package.json
20 info package.json debug@2.0.0 No license field.
21 info package.json ejs@0.8.8 No license field.
22 info package.json express-partials@0.3.0 No license field.
23 info package.json sqlite3@3.0.9 No license field.
24 verbose readDependencies loading dependencies from /home/andres/MOOC/quiz/quiz/package.json
25 verbose targetResolver reading package data from /home/andres/MOOC/quiz/quiz/node_modules/body-parser/package.json
26 verbose targetResolver reading package data from /home/andres/MOOC/quiz/quiz/node_modules/cookie-parser/package.json
27 verbose targetResolver reading package data from /home/andres/MOOC/quiz/quiz/node_modules/debug/package.json
28 verbose targetResolver reading package data from /home/andres/MOOC/quiz/quiz/node_modules/ejs/package.json
29 verbose targetResolver reading package data from /home/andres/MOOC/quiz/quiz/node_modules/express/package.json
30 verbose targetResolver reading package data from /home/andres/MOOC/quiz/quiz/node_modules/express-partials/package.json
31 verbose targetResolver reading package data from /home/andres/MOOC/quiz/quiz/node_modules/morgan/package.json
32 verbose targetResolver reading package data from /home/andres/MOOC/quiz/quiz/node_modules/pg/package.json
33 verbose targetResolver reading package data from /home/andres/MOOC/quiz/quiz/node_modules/sequelize/package.json
34 verbose targetResolver reading package data from /home/andres/MOOC/quiz/quiz/node_modules/serve-favicon/package.json
35 verbose targetResolver reading package data from /home/andres/MOOC/quiz/quiz/node_modules/sqlite3/package.json
36 verbose already installed skipping express-partials@~0.3.0 /home/andres/MOOC/quiz/quiz
37 verbose already installed skipping morgan@~1.3.0 /home/andres/MOOC/quiz/quiz
38 verbose already installed skipping pg@^4.4.0 /home/andres/MOOC/quiz/quiz
39 silly cache add args [ 'pg-hstore@^2.3.2', null ]
40 verbose cache add spec pg-hstore@^2.3.2
41 silly cache add parsed spec { raw: 'pg-hstore@^2.3.2',
41 silly cache add   scope: null,
41 silly cache add   name: 'pg-hstore',
41 silly cache add   rawSpec: '^2.3.2',
41 silly cache add   spec: '>=2.3.2 <3.0.0',
41 silly cache add   type: 'range' }
42 silly addNamed pg-hstore@>=2.3.2 <3.0.0
43 verbose addNamed ">=2.3.2 <3.0.0" is a valid semver range for pg-hstore
44 silly addNameRange { name: 'pg-hstore', range: '>=2.3.2 <3.0.0', hasData: false }
45 silly mapToRegistry name pg-hstore
46 silly mapToRegistry using default registry
47 silly mapToRegistry registry https://registry.npmjs.org/
48 silly mapToRegistry uri https://registry.npmjs.org/pg-hstore
49 verbose addNameRange registry:https://registry.npmjs.org/pg-hstore not in flight; fetching
50 verbose already installed skipping sequelize@^3.0.8 /home/andres/MOOC/quiz/quiz
51 verbose already installed skipping serve-favicon@~2.1.3 /home/andres/MOOC/quiz/quiz
52 verbose already installed skipping sqlite3@^3.0.9 /home/andres/MOOC/quiz/quiz
53 verbose already installed skipping body-parser@~1.8.1 /home/andres/MOOC/quiz/quiz
54 verbose already installed skipping cookie-parser@~1.3.3 /home/andres/MOOC/quiz/quiz
55 verbose already installed skipping debug@~2.0.0 /home/andres/MOOC/quiz/quiz
56 verbose already installed skipping ejs@~0.8.5 /home/andres/MOOC/quiz/quiz
57 verbose already installed skipping express@~4.9.0 /home/andres/MOOC/quiz/quiz
58 verbose request uri https://registry.npmjs.org/pg-hstore
59 verbose request no auth needed
60 info attempt registry request try #1 at 20:37:04
61 verbose request id ed3add7aef0734b0
62 http request GET https://registry.npmjs.org/pg-hstore
63 http 200 https://registry.npmjs.org/pg-hstore
64 silly get cb [ 200,
64 silly get   { server: 'CouchDB/1.5.0 (Erlang OTP/R16B03)',
64 silly get     etag: '"1ED3GMNBCS8PAWYO3TZPXNHHX"',
64 silly get     'content-type': 'application/json',
64 silly get     'cache-control': 'max-age=60',
64 silly get     'content-length': '16631',
64 silly get     'accept-ranges': 'bytes',
64 silly get     date: 'Sat, 01 Aug 2015 18:37:07 GMT',
64 silly get     via: '1.1 varnish',
64 silly get     age: '0',
64 silly get     connection: 'keep-alive',
64 silly get     'x-served-by': 'cache-ams4127-AMS',
64 silly get     'x-cache': 'HIT',
64 silly get     'x-cache-hits': '1',
64 silly get     'x-timer': 'S1438454226.400246,VS0,VE661',
64 silly get     vary: 'Accept' } ]
65 verbose get saving pg-hstore to /home/andres/.npm/registry.npmjs.org/pg-hstore/.cache.json
66 silly addNameRange number 2 { name: 'pg-hstore', range: '>=2.3.2 <3.0.0', hasData: true }
67 silly addNameRange versions [ 'pg-hstore',
67 silly addNameRange   [ '1.0.0',
67 silly addNameRange     '1.0.1',
67 silly addNameRange     '1.0.2',
67 silly addNameRange     '1.0.3',
67 silly addNameRange     '1.0.4',
67 silly addNameRange     '1.1.0',
67 silly addNameRange     '2.0.0',
67 silly addNameRange     '2.1.0',
67 silly addNameRange     '2.1.1',
67 silly addNameRange     '2.1.2',
67 silly addNameRange     '2.2.0',
67 silly addNameRange     '2.3.0',
67 silly addNameRange     '2.3.1',
67 silly addNameRange     '2.3.2' ] ]
68 silly addNamed pg-hstore@2.3.2
69 verbose addNamed "2.3.2" is a plain semver version for pg-hstore
70 silly mapToRegistry name pg-hstore
71 silly mapToRegistry using default registry
72 silly mapToRegistry registry https://registry.npmjs.org/
73 silly mapToRegistry uri https://registry.npmjs.org/pg-hstore
74 verbose addRemoteTarball https://registry.npmjs.org/pg-hstore/-/pg-hstore-2.3.2.tgz not in flight; adding
75 verbose addRemoteTarball [ 'https://registry.npmjs.org/pg-hstore/-/pg-hstore-2.3.2.tgz',
75 verbose addRemoteTarball   'f7ef053e7b9b892ae986af2f7cbe86432dfcf24f' ]
76 info retry fetch attempt 1 at 20:37:07
77 info attempt registry request try #1 at 20:37:07
78 http fetch GET https://registry.npmjs.org/pg-hstore/-/pg-hstore-2.3.2.tgz
79 http fetch 200 https://registry.npmjs.org/pg-hstore/-/pg-hstore-2.3.2.tgz
80 silly fetchAndShaCheck shasum f7ef053e7b9b892ae986af2f7cbe86432dfcf24f
81 verbose addTmpTarball /tmp/npm-7454-aa08edd8/registry.npmjs.org/pg-hstore/-/pg-hstore-2.3.2.tgz not in flight; adding
82 verbose addTmpTarball already have metadata; skipping unpack for pg-hstore@2.3.2
83 silly cache afterAdd pg-hstore@2.3.2
84 verbose afterAdd /home/andres/.npm/pg-hstore/2.3.2/package/package.json not in flight; writing
85 verbose afterAdd /home/andres/.npm/pg-hstore/2.3.2/package/package.json written
86 silly install resolved [ { author:
86 silly install resolved      { name: 'Seth Carney',
86 silly install resolved        email: 'scarney81@gmail.com',
86 silly install resolved        url: 'https://github.com/scarney81' },
86 silly install resolved     name: 'pg-hstore',
86 silly install resolved     description: 'An module for serializing and deserializing JSON data in to hstore format',
86 silly install resolved     private: false,
86 silly install resolved     keywords: [ 'pg', 'postgres', 'hstore' ],
86 silly install resolved     version: '2.3.2',
86 silly install resolved     main: 'lib/index.js',
86 silly install resolved     homepage: 'https://github.com/scarney81/pg-hstore',
86 silly install resolved     bugs: { url: 'https://github.com/scarney81/pg-hstore/issues' },
86 silly install resolved     repository: { type: 'git', url: 'git@github.com:scarney81/pg-hstore.git' },
86 silly install resolved     dependencies: { underscore: '^1.7.0' },
86 silly install resolved     devDependencies: { mocha: '^2.1.0', should: '^4.4.2' },
86 silly install resolved     engines: { node: '>= 0.8.x' },
86 silly install resolved     scripts: { test: 'mocha --reporter spec -u bdd --require should --recursive --timeout 10000' },
86 silly install resolved     gitHead: '7347c348b2d76f5922369067f320a0e9e9e81743',
86 silly install resolved     _id: 'pg-hstore@2.3.2',
86 silly install resolved     _shasum: 'f7ef053e7b9b892ae986af2f7cbe86432dfcf24f',
86 silly install resolved     _from: 'pg-hstore@>=2.3.2 <3.0.0',
86 silly install resolved     _npmVersion: '2.1.17',
86 silly install resolved     _nodeVersion: '0.10.22',
86 silly install resolved     _npmUser: { name: 'scarney', email: 'scarney81@gmail.com' },
86 silly install resolved     maintainers: [ [Object] ],
86 silly install resolved     dist:
86 silly install resolved      { shasum: 'f7ef053e7b9b892ae986af2f7cbe86432dfcf24f',
86 silly install resolved        tarball: 'http://registry.npmjs.org/pg-hstore/-/pg-hstore-2.3.2.tgz' },
86 silly install resolved     directories: {},
86 silly install resolved     _resolved: 'https://registry.npmjs.org/pg-hstore/-/pg-hstore-2.3.2.tgz' } ]
87 info install pg-hstore@2.3.2 into /home/andres/MOOC/quiz/quiz
88 info installOne pg-hstore@2.3.2
89 verbose installOne of pg-hstore to /home/andres/MOOC/quiz/quiz not in flight; installing
90 warn locking Error: EACCES, open '/home/andres/.npm/_locks/pg-hstore-69ef24df4690b872.lock'
90 warn locking     at Error (native)
90 warn locking  /home/andres/.npm/_locks/pg-hstore-69ef24df4690b872.lock failed { [Error: EACCES, open '/home/andres/.npm/_locks/pg-hstore-69ef24df4690b872.lock']
90 warn locking   errno: -13,
90 warn locking   code: 'EACCES',
90 warn locking   path: '/home/andres/.npm/_locks/pg-hstore-69ef24df4690b872.lock' }
91 verbose stack Error: Attempt to unlock /home/andres/MOOC/quiz/quiz/node_modules/pg-hstore, which hasn't been locked
91 verbose stack     at unlock (/usr/local/lib/node_modules/npm/lib/utils/locker.js:66:11)
91 verbose stack     at cb (/usr/local/lib/node_modules/npm/lib/install.js:1017:5)
91 verbose stack     at /usr/local/lib/node_modules/npm/lib/install.js:1021:20
91 verbose stack     at /usr/local/lib/node_modules/npm/lib/utils/locker.js:40:9
91 verbose stack     at cb (/usr/local/lib/node_modules/npm/node_modules/lockfile/lockfile.js:149:38)
91 verbose stack     at /usr/local/lib/node_modules/npm/node_modules/lockfile/lockfile.js:177:38
91 verbose stack     at FSReqWrap.oncomplete (fs.js:95:15)
92 verbose cwd /home/andres/MOOC/quiz/quiz
93 error Linux 3.13.0-48-generic
94 error argv "/usr/local/bin/node" "/usr/local/bin/npm" "install"
95 error node v0.12.7
96 error npm  v2.11.3
97 error Attempt to unlock /home/andres/MOOC/quiz/quiz/node_modules/pg-hstore, which hasn't been locked
98 error If you need help, you may report this error at:
98 error     <https://github.com/npm/npm/issues>
99 verbose exit [ 1, true ]
